<?xml version="1.0" encoding="UTF-8"?>
<testsuite name="it.unimi.di.prog2.lab06.ObserverTests" tests="1" skipped="0" failures="0" errors="0" timestamp="2019-12-20T10:09:25" hostname="pop-os" time="0.004">
  <properties/>
  <testcase name="testResetCount" classname="it.unimi.di.prog2.lab06.ObserverTests" time="0.004"/>
  <system-out><![CDATA[]]></system-out>
  <system-err><![CDATA[]]></system-err>
</testsuite>
